0 info it worked if it ends with ok
1 verbose cli [ 'C:\\Program Files\\nodejs\\node.exe',
1 verbose cli   'C:\\Program Files\\nodejs\\node_modules\\npm\\bin\\npm-cli.js',
1 verbose cli   'start' ]
2 info using npm@3.10.3
3 info using node@v6.5.0
4 verbose run-script [ 'prestart', 'start', 'poststart' ]
5 info lifecycle ed-boilerplate@1.0.0~prestart: ed-boilerplate@1.0.0
6 silly lifecycle ed-boilerplate@1.0.0~prestart: no script for prestart, continuing
7 info lifecycle ed-boilerplate@1.0.0~start: ed-boilerplate@1.0.0
8 verbose lifecycle ed-boilerplate@1.0.0~start: unsafe-perm in lifecycle true
9 verbose lifecycle ed-boilerplate@1.0.0~start: PATH: C:\Users\CARLOS\AppData\Roaming\nvm\v6.5.0\node_modules\npm\bin\node-gyp-bin;C:\Users\CARLOS\Documents\project2020\EDboilerplate\node_modules\.bin;C:\Program Files\nodejs;C:\Program Files\Git\mingw64\bin;C:\Program Files\Git\usr\bin;C:\Users\CARLOS\bin;C:\Program Files\ImageMagick-7.0.8-Q16;C:\Program Files (x86)\AMD APP\bin\x86_64;C:\Program Files (x86)\AMD APP\bin\x86;C:\Windows\system32;C:\Windows;C:\Windows\System32\Wbem;C:\Windows\System32\WindowsPowerShell\v1.0;C:\Program Files (x86)\ATI Technologies\ATI.ACE\Core-Static;C:\Program Files\Git\cmd;C:\Users\CARLOS\AppData\Roaming\nvm;C:\Program Files\nodejs;C:\Program Files\PuTTY\%;C:\OpenSSL-Win64\bin%;C:\Program Files\MongoDB\Server\4.2\bin;C:\Users\CARLOS\.windows-build-tools\python27;C:\Users\CARLOS\AppData\Roaming\nvm\v10.15.3\node_modules\npm\node_modules\npm-lifecycle\node-gyp-bin;C:\Users\CARLOS\AppData\Roaming\npm\node_modules\windows-build-tools\node_modules\.bin;C:\Users\CARLOS\AppData\Roaming\npm\node_modules\.bin;C:\Windows\system32\WindowsPowerShell\v1.0;C:\Program Files (x86)\AMD APP\bin\x86_64;C:\Program Files (x86)\AMD APP\bin\x86;C:\Windows\system32;C:\Windows;C:\Windows\System32\Wbem;C:\Windows\System32\WindowsPowerShell\v1.0;C:\Program Files (x86)\ATI Technologies\ATI.ACE\Core-Static;C:\Program Files\Git\cmd;C:\Users\CARLOS\AppData\Roaming\nvm;C:\Program Files\nodejs;C:\Users\CARLOS\AppData\Local\Programs\Microsoft VS Code\bin;C:\Users\CARLOS\AppData\Roaming\npm;C:\Users\CARLOS\AppData\Roaming\nvm;C:\Program Files\nodejs;C:\Program Files\heroku\bin
10 verbose lifecycle ed-boilerplate@1.0.0~start: CWD: C:\Users\CARLOS\Documents\project2020\EDboilerplate
11 silly lifecycle ed-boilerplate@1.0.0~start: Args: [ '/d /s /c', 'gulp' ]
12 silly lifecycle ed-boilerplate@1.0.0~start: Returned: code: 1  signal: null
13 info lifecycle ed-boilerplate@1.0.0~start: Failed to exec start script
14 verbose stack Error: ed-boilerplate@1.0.0 start: `gulp`
14 verbose stack Exit status 1
14 verbose stack     at EventEmitter.<anonymous> (C:\Users\CARLOS\AppData\Roaming\nvm\v6.5.0\node_modules\npm\lib\utils\lifecycle.js:242:16)
14 verbose stack     at emitTwo (events.js:106:13)
14 verbose stack     at EventEmitter.emit (events.js:191:7)
14 verbose stack     at ChildProcess.<anonymous> (C:\Users\CARLOS\AppData\Roaming\nvm\v6.5.0\node_modules\npm\lib\utils\spawn.js:40:14)
14 verbose stack     at emitTwo (events.js:106:13)
14 verbose stack     at ChildProcess.emit (events.js:191:7)
14 verbose stack     at maybeClose (internal/child_process.js:877:16)
14 verbose stack     at Process.ChildProcess._handle.onexit (internal/child_process.js:226:5)
15 verbose pkgid ed-boilerplate@1.0.0
16 verbose cwd C:\Users\CARLOS\Documents\project2020\EDboilerplate
17 error Windows_NT 6.1.7601
18 error argv "C:\\Program Files\\nodejs\\node.exe" "C:\\Program Files\\nodejs\\node_modules\\npm\\bin\\npm-cli.js" "start"
19 error node v6.5.0
20 error npm  v3.10.3
21 error code ELIFECYCLE
22 error ed-boilerplate@1.0.0 start: `gulp`
22 error Exit status 1
23 error Failed at the ed-boilerplate@1.0.0 start script 'gulp'.
23 error Make sure you have the latest version of node.js and npm installed.
23 error If you do, this is most likely a problem with the ed-boilerplate package,
23 error not with npm itself.
23 error Tell the author that this fails on your system:
23 error     gulp
23 error You can get information on how to open an issue for this project with:
23 error     npm bugs ed-boilerplate
23 error Or if that isn't available, you can get their info via:
23 error     npm owner ls ed-boilerplate
23 error There is likely additional logging output above.
24 verbose exit [ 1, true ]
